WARNING: missing driver HDL files.
Writing C:\lscc\propel\2023.1\templates\LFCPNX_Template02\.lib\latticesemi.com\module\osc0\1.4.0\rtl\osc0_bb.v 
Writing C:\lscc\propel\2023.1\templates\LFCPNX_Template02\.lib\latticesemi.com\module\osc0\1.4.0\osc0.cfg 
Writing C:\lscc\propel\2023.1\templates\LFCPNX_Template02\.lib\latticesemi.com\module\osc0\1.4.0\misc\osc0_tmpl.v 
Writing C:\lscc\propel\2023.1\templates\LFCPNX_Template02\.lib\latticesemi.com\module\osc0\1.4.0\misc\osc0_tmpl.vhd 
Writing C:\lscc\propel\2023.1\templates\LFCPNX_Template02\.lib\latticesemi.com\module\osc0\1.4.0\rtl\osc0.v 
Writing C:\lscc\propel\2023.1\templates\LFCPNX_Template02\.lib\latticesemi.com\module\osc0\1.4.0\constraints\osc0.ldc 
Writing C:\lscc\propel\2023.1\templates\LFCPNX_Template02\.lib\latticesemi.com\module\osc0\1.4.0\testbench\dut_params.v 
Writing C:\lscc\propel\2023.1\templates\LFCPNX_Template02\.lib\latticesemi.com\module\osc0\1.4.0\testbench\dut_inst.v 
Writing C:\lscc\propel\2023.1\templates\LFCPNX_Template02\.lib\latticesemi.com\module\osc0\1.4.0\design.xml 
Writing C:\lscc\propel\2023.1\templates\LFCPNX_Template02\.lib\latticesemi.com\module\osc0\1.4.0\component.xml 
Writing C:\lscc\propel\2023.1\templates\LFCPNX_Template02\.lib\latticesemi.com\module\osc0\1.4.0\osc0.ipx 
[INFO] Using Python version : 3.7.4 (default, Nov 21 2019, 13:51:44) [MSC v.1923 64 bit (AMD64)]
[DEBUG] bypass_bw_factor =  0
[DEBUG] Total process time :  0.19336470000001782
[INFO] Done Parameter Optimization.
Best Param : {'M_DIV': 1, 'N_DIV': 2, 'O_DIV': {'CLKOP': 16}, 'BWFAC': 8.297934537187738, 'fbk_div': 32, 'm_div': 1, 'ipp_ctrl': 6, 'bw_ctrl_bias': 15, 'ipp_sel': 15, 'ipi_cmp': 12, 'cset': 8, 'v2i_pp_res': 9.0, 'cripple': 1, 'PEAK': 0.14594036696650378, 'BW_3DB': 6.025595860743626, 'BW_OPL': 4.3651583224017, 'PM_3DB': 75.86678721493638}

 Analog Parameters : 
 - CSET        	: 8P		 - CRIPPLE     	: 1P		 - IPI_CMP     	: 0b1100
 - V2I_PP_RES  	: 9K		 - IPP_SEL     	: 0b1111		 -             	    
 - IPP_CTRL    	: 0b0110		 - BW_CTL_BIAS   : 0b1111		 -             	    

WARNING: missing driver HDL files.
Writing C:\lscc\propel\2023.1\templates\LFCPNX_Template02\.lib\latticesemi.com\module\pll0\1.7.0\rtl\pll0_bb.v 
Writing C:\lscc\propel\2023.1\templates\LFCPNX_Template02\.lib\latticesemi.com\module\pll0\1.7.0\pll0.cfg 
Writing C:\lscc\propel\2023.1\templates\LFCPNX_Template02\.lib\latticesemi.com\module\pll0\1.7.0\misc\pll0_tmpl.v 
Writing C:\lscc\propel\2023.1\templates\LFCPNX_Template02\.lib\latticesemi.com\module\pll0\1.7.0\misc\pll0_tmpl.vhd 
Writing C:\lscc\propel\2023.1\templates\LFCPNX_Template02\.lib\latticesemi.com\module\pll0\1.7.0\rtl\pll0.v 
Writing C:\lscc\propel\2023.1\templates\LFCPNX_Template02\.lib\latticesemi.com\module\pll0\1.7.0\constraints\pll0.ldc 
Writing C:\lscc\propel\2023.1\templates\LFCPNX_Template02\.lib\latticesemi.com\module\pll0\1.7.0\testbench\dut_params.v 
Writing C:\lscc\propel\2023.1\templates\LFCPNX_Template02\.lib\latticesemi.com\module\pll0\1.7.0\testbench\dut_inst.v 
Writing C:\lscc\propel\2023.1\templates\LFCPNX_Template02\.lib\latticesemi.com\module\pll0\1.7.0\design.xml 
Writing C:\lscc\propel\2023.1\templates\LFCPNX_Template02\.lib\latticesemi.com\module\pll0\1.7.0\component.xml 
Writing C:\lscc\propel\2023.1\templates\LFCPNX_Template02\.lib\latticesemi.com\module\pll0\1.7.0\pll0.ipx 
Warning: No *.v in IP module(C:/lscc/propel/2023.1/builder/rtf/ip/nx/latticesemi.com_riscv_rx_2.2.0).
Error: name 'check_hex_format' is not defined in SettingInstance: TCM_BASE_ADDR_INPUT
Error: name 'check_hex_format' is not defined in SettingInstance: AXI_INSTR_BASE_ADDR_INPUT
Error: name 'check_hex_format' is not defined in SettingInstance: TCM_BASE_ADDR_INPUT
Error: name 'check_hex_format' is not defined in SettingInstance: AXI_INSTR_BASE_ADDR_INPUT
Error: name 'check_hex_format' is not defined in SettingInstance: TCM_BASE_ADDR_INPUT
Error: name 'check_hex_format' is not defined in SettingInstance: AXI_INSTR_BASE_ADDR_INPUT
Writing C:\lscc\propel\2023.1\templates\LFCPNX_Template02\.lib\latticesemi.com\ip\cpu0\2.2.0\rtl\cpu0_bb.v 
Writing C:\lscc\propel\2023.1\templates\LFCPNX_Template02\.lib\latticesemi.com\ip\cpu0\2.2.0\cpu0.cfg 
Writing C:\lscc\propel\2023.1\templates\LFCPNX_Template02\.lib\latticesemi.com\ip\cpu0\2.2.0\misc\cpu0_tmpl.v 
Writing C:\lscc\propel\2023.1\templates\LFCPNX_Template02\.lib\latticesemi.com\ip\cpu0\2.2.0\misc\cpu0_tmpl.vhd 
Writing C:\lscc\propel\2023.1\templates\LFCPNX_Template02\.lib\latticesemi.com\ip\cpu0\2.2.0\rtl\cpu0.sv 
Warning: No directory "ldc" in IP module(C:/lscc/propel/2023.1/builder/rtf/ip/nx/latticesemi.com_riscv_rx_2.2.0)
Writing C:\lscc\propel\2023.1\templates\LFCPNX_Template02\.lib\latticesemi.com\ip\cpu0\2.2.0\testbench\dut_params.v 
Writing C:\lscc\propel\2023.1\templates\LFCPNX_Template02\.lib\latticesemi.com\ip\cpu0\2.2.0\testbench\dut_inst.v 
Writing C:\lscc\propel\2023.1\templates\LFCPNX_Template02\.lib\latticesemi.com\ip\cpu0\2.2.0\design.xml 
Writing C:\lscc\propel\2023.1\templates\LFCPNX_Template02\.lib\latticesemi.com\ip\cpu0\2.2.0\component.xml 
Writing C:\lscc\propel\2023.1\templates\LFCPNX_Template02\.lib\latticesemi.com\ip\cpu0\2.2.0\cpu0.ipx 
path:  none lib_dir:  C:/lscc/propel/2023.1/templates/LFCPNX_Template02/.lib
path:  none lib_dir:  C:/lscc/propel/2023.1/templates/LFCPNX_Template02/.lib
WARNING: missing driver HDL files.
Writing C:\lscc\propel\2023.1\templates\LFCPNX_Template02\.lib\latticesemi.com\ip\system0\2.0.0\rtl\system0_bb.v 
Writing C:\lscc\propel\2023.1\templates\LFCPNX_Template02\.lib\latticesemi.com\ip\system0\2.0.0\system0.cfg 
Writing C:\lscc\propel\2023.1\templates\LFCPNX_Template02\.lib\latticesemi.com\ip\system0\2.0.0\misc\system0_tmpl.v 
Writing C:\lscc\propel\2023.1\templates\LFCPNX_Template02\.lib\latticesemi.com\ip\system0\2.0.0\misc\system0_tmpl.vhd 
Writing C:\lscc\propel\2023.1\templates\LFCPNX_Template02\.lib\latticesemi.com\ip\system0\2.0.0\rtl\system0.v 
path:  none lib_dir:  C:/lscc/propel/2023.1/templates/LFCPNX_Template02/.lib
Warning: No directory "ldc" in IP module(C:/lscc/propel/2023.1/builder/rtf/ip/common/system_memory)
Writing C:\lscc\propel\2023.1\templates\LFCPNX_Template02\.lib\latticesemi.com\ip\system0\2.0.0\testbench\dut_params.v 
path:  none lib_dir:  C:/lscc/propel/2023.1/templates/LFCPNX_Template02/.lib
Writing C:\lscc\propel\2023.1\templates\LFCPNX_Template02\.lib\latticesemi.com\ip\system0\2.0.0\testbench\dut_inst.v 
Writing C:\lscc\propel\2023.1\templates\LFCPNX_Template02\.lib\latticesemi.com\ip\system0\2.0.0\design.xml 
path:  none lib_dir:  C:/lscc/propel/2023.1/templates/LFCPNX_Template02/.lib
Writing C:\lscc\propel\2023.1\templates\LFCPNX_Template02\.lib\latticesemi.com\ip\system0\2.0.0\component.xml 
Writing C:\lscc\propel\2023.1\templates\LFCPNX_Template02\.lib\latticesemi.com\ip\system0\2.0.0\system0.ipx 
path:  none lib_dir:  C:/lscc/propel/2023.1/templates/LFCPNX_Template02/.lib
path:  none lib_dir:  C:/lscc/propel/2023.1/templates/LFCPNX_Template02/.lib
WARNING: missing driver HDL files.
Writing C:\lscc\propel\2023.1\templates\LFCPNX_Template02\.lib\latticesemi.com\ip\tcm0\1.3.8\rtl\tcm0_bb.v 
Writing C:\lscc\propel\2023.1\templates\LFCPNX_Template02\.lib\latticesemi.com\ip\tcm0\1.3.8\tcm0.cfg 
Writing C:\lscc\propel\2023.1\templates\LFCPNX_Template02\.lib\latticesemi.com\ip\tcm0\1.3.8\misc\tcm0_tmpl.v 
Writing C:\lscc\propel\2023.1\templates\LFCPNX_Template02\.lib\latticesemi.com\ip\tcm0\1.3.8\misc\tcm0_tmpl.vhd 
Writing C:\lscc\propel\2023.1\templates\LFCPNX_Template02\.lib\latticesemi.com\ip\tcm0\1.3.8\rtl\tcm0.v 
path:  none lib_dir:  C:/lscc/propel/2023.1/templates/LFCPNX_Template02/.lib
Warning: No directory "ldc" in IP module(C:/lscc/propel/2023.1/builder/rtf/ip/common/localbus_tcm)
Writing C:\lscc\propel\2023.1\templates\LFCPNX_Template02\.lib\latticesemi.com\ip\tcm0\1.3.8\testbench\dut_params.v 
path:  none lib_dir:  C:/lscc/propel/2023.1/templates/LFCPNX_Template02/.lib
Writing C:\lscc\propel\2023.1\templates\LFCPNX_Template02\.lib\latticesemi.com\ip\tcm0\1.3.8\testbench\dut_inst.v 
Writing C:\lscc\propel\2023.1\templates\LFCPNX_Template02\.lib\latticesemi.com\ip\tcm0\1.3.8\design.xml 
path:  none lib_dir:  C:/lscc/propel/2023.1/templates/LFCPNX_Template02/.lib
Writing C:\lscc\propel\2023.1\templates\LFCPNX_Template02\.lib\latticesemi.com\ip\tcm0\1.3.8\component.xml 
Writing C:\lscc\propel\2023.1\templates\LFCPNX_Template02\.lib\latticesemi.com\ip\tcm0\1.3.8\tcm0.ipx 
Warning: No *.v in IP module(C:/lscc/propel/2023.1/builder/rtf/ip/axi/axi_interconnect_lite_hier).
WARNING: missing driver HDL files.
Writing C:\lscc\propel\2023.1\templates\LFCPNX_Template02\.lib\latticesemi.com\module\axi1x2\0.2.0\axi1x2.cfg 
Writing C:\lscc\propel\2023.1\templates\LFCPNX_Template02\.lib\latticesemi.com\module\axi1x2\0.2.0\misc\axi1x2_tmpl.v 
Writing C:\lscc\propel\2023.1\templates\LFCPNX_Template02\.lib\latticesemi.com\module\axi1x2\0.2.0\misc\axi1x2_tmpl.vhd 
Writing C:\lscc\propel\2023.1\templates\LFCPNX_Template02\.lib\latticesemi.com\module\axi1x2\0.2.0\rtl\axi1x2.v 
Warning: No directory "ldc" in IP module(C:/lscc/propel/2023.1/builder/rtf/ip/axi/axi_interconnect_lite_hier)
Writing C:\lscc\propel\2023.1\templates\LFCPNX_Template02\.lib\latticesemi.com\module\axi1x2\0.2.0\testbench\dut_params.v 
Writing C:\lscc\propel\2023.1\templates\LFCPNX_Template02\.lib\latticesemi.com\module\axi1x2\0.2.0\testbench\dut_inst.v 
Writing C:\lscc\propel\2023.1\templates\LFCPNX_Template02\.lib\latticesemi.com\module\axi1x2\0.2.0\eval\dut_params.v 
Writing C:\lscc\propel\2023.1\templates\LFCPNX_Template02\.lib\latticesemi.com\module\axi1x2\0.2.0\eval\dut_inst.v 
Writing C:\lscc\propel\2023.1\templates\LFCPNX_Template02\.lib\latticesemi.com\module\axi1x2\0.2.0\design.xml 
Writing C:\lscc\propel\2023.1\templates\LFCPNX_Template02\.lib\latticesemi.com\module\axi1x2\0.2.0\component.xml 
"C:/lscc/propel/2023.1/builder/rtf/ispfpga\data\python\nt64\bin\python" "C:\lscc\propel\2023.1\templates\LFCPNX_Template02\.lib\latticesemi.com\module\axi1x2\0.2.0\eval/genHierRtl.py"
Writing C:\lscc\propel\2023.1\templates\LFCPNX_Template02\.lib\latticesemi.com\module\axi1x2\0.2.0\axi1x2.ipx 
WARNING: missing testbench HDL files.
WARNING: missing driver HDL files.
Writing C:\lscc\propel\2023.1\templates\LFCPNX_Template02\.lib\latticesemi.com\module\axil2apb1\0.1.0\rtl\axil2apb1_bb.v 
Writing C:\lscc\propel\2023.1\templates\LFCPNX_Template02\.lib\latticesemi.com\module\axil2apb1\0.1.0\axil2apb1.cfg 
Writing C:\lscc\propel\2023.1\templates\LFCPNX_Template02\.lib\latticesemi.com\module\axil2apb1\0.1.0\misc\axil2apb1_tmpl.v 
Writing C:\lscc\propel\2023.1\templates\LFCPNX_Template02\.lib\latticesemi.com\module\axil2apb1\0.1.0\misc\axil2apb1_tmpl.vhd 
Writing C:\lscc\propel\2023.1\templates\LFCPNX_Template02\.lib\latticesemi.com\module\axil2apb1\0.1.0\rtl\axil2apb1.v 
Warning: No directory "ldc" in IP module(C:/lscc/propel/2023.1/builder/rtf/ip/axi/axi_lite_to_apb_bridge)
Writing C:\lscc\propel\2023.1\templates\LFCPNX_Template02\.lib\latticesemi.com\module\axil2apb1\0.1.0\design.xml 
Writing C:\lscc\propel\2023.1\templates\LFCPNX_Template02\.lib\latticesemi.com\module\axil2apb1\0.1.0\component.xml 
Writing C:\lscc\propel\2023.1\templates\LFCPNX_Template02\.lib\latticesemi.com\module\axil2apb1\0.1.0\axil2apb1.ipx 
WARNING: missing testbench HDL files.
WARNING: missing driver HDL files.
Writing C:\lscc\propel\2023.1\templates\LFCPNX_Template02\.lib\latticesemi.com\module\axil2apb0\0.1.0\rtl\axil2apb0_bb.v 
Writing C:\lscc\propel\2023.1\templates\LFCPNX_Template02\.lib\latticesemi.com\module\axil2apb0\0.1.0\axil2apb0.cfg 
Writing C:\lscc\propel\2023.1\templates\LFCPNX_Template02\.lib\latticesemi.com\module\axil2apb0\0.1.0\misc\axil2apb0_tmpl.v 
Writing C:\lscc\propel\2023.1\templates\LFCPNX_Template02\.lib\latticesemi.com\module\axil2apb0\0.1.0\misc\axil2apb0_tmpl.vhd 
Writing C:\lscc\propel\2023.1\templates\LFCPNX_Template02\.lib\latticesemi.com\module\axil2apb0\0.1.0\rtl\axil2apb0.v 
Warning: No directory "ldc" in IP module(C:/lscc/propel/2023.1/builder/rtf/ip/axi/axi_lite_to_apb_bridge)
Writing C:\lscc\propel\2023.1\templates\LFCPNX_Template02\.lib\latticesemi.com\module\axil2apb0\0.1.0\design.xml 
Writing C:\lscc\propel\2023.1\templates\LFCPNX_Template02\.lib\latticesemi.com\module\axil2apb0\0.1.0\component.xml 
Writing C:\lscc\propel\2023.1\templates\LFCPNX_Template02\.lib\latticesemi.com\module\axil2apb0\0.1.0\axil2apb0.ipx 
Writing C:\lscc\propel\2023.1\templates\LFCPNX_Template02\.lib\latticesemi.com\ip\s0_apb_gpio\1.6.1\rtl\s0_apb_gpio_bb.v 
Writing C:\lscc\propel\2023.1\templates\LFCPNX_Template02\.lib\latticesemi.com\ip\s0_apb_gpio\1.6.1\s0_apb_gpio.cfg 
Writing C:\lscc\propel\2023.1\templates\LFCPNX_Template02\.lib\latticesemi.com\ip\s0_apb_gpio\1.6.1\misc\s0_apb_gpio_tmpl.v 
Writing C:\lscc\propel\2023.1\templates\LFCPNX_Template02\.lib\latticesemi.com\ip\s0_apb_gpio\1.6.1\misc\s0_apb_gpio_tmpl.vhd 
Writing C:\lscc\propel\2023.1\templates\LFCPNX_Template02\.lib\latticesemi.com\ip\s0_apb_gpio\1.6.1\rtl\s0_apb_gpio.v 
Warning: No directory "ldc" in IP module(D:/PropelLocalIP_2023/latticesemi.com_ip_gpio_1.6.1)
Writing C:\lscc\propel\2023.1\templates\LFCPNX_Template02\.lib\latticesemi.com\ip\s0_apb_gpio\1.6.1\testbench\dut_params.v 
Writing C:\lscc\propel\2023.1\templates\LFCPNX_Template02\.lib\latticesemi.com\ip\s0_apb_gpio\1.6.1\testbench\dut_inst.v 
Writing C:\lscc\propel\2023.1\templates\LFCPNX_Template02\.lib\latticesemi.com\ip\s0_apb_gpio\1.6.1\design.xml 
Writing C:\lscc\propel\2023.1\templates\LFCPNX_Template02\.lib\latticesemi.com\ip\s0_apb_gpio\1.6.1\component.xml 
Writing C:\lscc\propel\2023.1\templates\LFCPNX_Template02\.lib\latticesemi.com\ip\s0_apb_gpio\1.6.1\s0_apb_gpio.ipx 
Writing C:\lscc\propel\2023.1\templates\LFCPNX_Template02\.lib\latticesemi.com\ip\s1_apb_uart\1.3.0\rtl\s1_apb_uart_bb.v 
Writing C:\lscc\propel\2023.1\templates\LFCPNX_Template02\.lib\latticesemi.com\ip\s1_apb_uart\1.3.0\s1_apb_uart.cfg 
Writing C:\lscc\propel\2023.1\templates\LFCPNX_Template02\.lib\latticesemi.com\ip\s1_apb_uart\1.3.0\misc\s1_apb_uart_tmpl.v 
Writing C:\lscc\propel\2023.1\templates\LFCPNX_Template02\.lib\latticesemi.com\ip\s1_apb_uart\1.3.0\misc\s1_apb_uart_tmpl.vhd 
Writing C:\lscc\propel\2023.1\templates\LFCPNX_Template02\.lib\latticesemi.com\ip\s1_apb_uart\1.3.0\rtl\s1_apb_uart.v 
Warning: No directory "ldc" in IP module(D:/PropelLocalIP_2023/latticesemi.com_ip_uart_1.3.0)
Writing C:\lscc\propel\2023.1\templates\LFCPNX_Template02\.lib\latticesemi.com\ip\s1_apb_uart\1.3.0\testbench\dut_params.v 
Writing C:\lscc\propel\2023.1\templates\LFCPNX_Template02\.lib\latticesemi.com\ip\s1_apb_uart\1.3.0\testbench\dut_inst.v 
Writing C:\lscc\propel\2023.1\templates\LFCPNX_Template02\.lib\latticesemi.com\ip\s1_apb_uart\1.3.0\design.xml 
Writing C:\lscc\propel\2023.1\templates\LFCPNX_Template02\.lib\latticesemi.com\ip\s1_apb_uart\1.3.0\component.xml 
Writing C:\lscc\propel\2023.1\templates\LFCPNX_Template02\.lib\latticesemi.com\ip\s1_apb_uart\1.3.0\s1_apb_uart.ipx 
path:  none lib_dir:  C:/lscc/propel/2023.1/templates/LFCPNX_Template02/.lib
path:  none lib_dir:  C:/lscc/propel/2023.1/templates/LFCPNX_Template02/.lib
ERROR: ERROR  --  (Depth_A x Width_A) and (Depth_B x Width_B) must be equivalent!
ERROR: ERROR  --  (Depth_A x Width_A) and (Depth_B x Width_B) must be equivalent!
path:  none lib_dir:  C:/lscc/propel/2023.1/templates/LFCPNX_Template02/.lib
path:  none lib_dir:  C:/lscc/propel/2023.1/templates/LFCPNX_Template02/.lib
WARNING: missing driver HDL files.
Writing C:\lscc\propel\2023.1\templates\LFCPNX_Template02\.lib\latticesemi.com\ip\tcm0\1.3.8\rtl\tcm0_bb.v 
Writing C:\lscc\propel\2023.1\templates\LFCPNX_Template02\.lib\latticesemi.com\ip\tcm0\1.3.8\tcm0.cfg 
Writing C:\lscc\propel\2023.1\templates\LFCPNX_Template02\.lib\latticesemi.com\ip\tcm0\1.3.8\misc\tcm0_tmpl.v 
Writing C:\lscc\propel\2023.1\templates\LFCPNX_Template02\.lib\latticesemi.com\ip\tcm0\1.3.8\misc\tcm0_tmpl.vhd 
Writing C:\lscc\propel\2023.1\templates\LFCPNX_Template02\.lib\latticesemi.com\ip\tcm0\1.3.8\rtl\tcm0.v 
path:  none lib_dir:  C:/lscc/propel/2023.1/templates/LFCPNX_Template02/.lib
Warning: No directory "ldc" in IP module(C:/lscc/propel/2023.1/builder/rtf/ip/common/localbus_tcm)
Writing C:\lscc\propel\2023.1\templates\LFCPNX_Template02\.lib\latticesemi.com\ip\tcm0\1.3.8\testbench\dut_params.v 